<?xml version="1.0" encoding="UTF-8"?>
<testsuite xmlns:xsi="http://www.w3.org/2001/XMLSchema-instance" xsi:noNamespaceSchemaLocation="https://maven.apache.org/surefire/maven-surefire-plugin/xsd/surefire-test-report-3.0.xsd" version="3.0" name="com.example.springbootwebproject.SpringBootWebProjectApplicationTests" time="3.29" tests="1" errors="0" skipped="0" failures="0">
  <properties>
[...]
</properties>
  <testcase name="contextLoads" classname="com.example.springbootwebproject.SpringBootWebProjectApplicationTests" time="0.053">
    <system-out><![CDATA[08:52:00.025 [main] DEBUG org.springframework.test.context.BootstrapUtils - Instantiating CacheAwareContextLoaderDelegate from class [org.springframework.test.context.cache.DefaultCacheAwareContextLoaderDelegate]
08:52:00.033 [main] DEBUG org.springframework.test.context.BootstrapUtils - Instantiating BootstrapContext using constructor [public org.springframework.test.context.support.DefaultBootstrapContext(java.lang.Class,org.springframework.test.context.CacheAwareContextLoaderDelegate)]
08:52:00.061 [main] DEBUG org.springframework.test.context.BootstrapUtils - Instantiating TestContextBootstrapper for test class [com.example.springbootwebproject.SpringBootWebProjectApplicationTests] from class [org.springframework.boot.test.context.SpringBootTestContextBootstrapper]
08:52:00.070 [main] INFO org.springframework.boot.test.context.SpringBootTestContextBootstrapper - Neither @ContextConfiguration nor @ContextHierarchy found for test class [com.example.springbootwebproject.SpringBootWebProjectApplicationTests], using SpringBootContextLoader
08:52:00.073 [main] DEBUG org.springframework.test.context.support.AbstractContextLoader - Did not detect default resource location for test class [com.example.springbootwebproject.SpringBootWebProjectApplicationTests]: class path resource [com/example/springbootwebproject/SpringBootWebProjectApplicationTests-context.xml] does not exist
08:52:00.073 [main] DEBUG org.springframework.test.context.support.AbstractContextLoader - Did not detect default resource location for test class [com.example.springbootwebproject.SpringBootWebProjectApplicationTests]: class path resource [com/example/springbootwebproject/SpringBootWebProjectApplicationTestsContext.groovy] does not exist
08:52:00.074 [main] INFO org.springframework.test.context.support.AbstractContextLoader - Could not detect default resource locations for test class [com.example.springbootwebproject.SpringBootWebProjectApplicationTests]: no resource found for suffixes {-context.xml, Context.groovy}.
08:52:00.074 [main] INFO org.springframework.test.context.support.AnnotationConfigContextLoaderUtils - Could not detect default configuration classes for test class [com.example.springbootwebproject.SpringBootWebProjectApplicationTests]: SpringBootWebProjectApplicationTests does not declare any static, non-private, non-final, nested classes annotated with @Configuration.
08:52:00.102 [main] DEBUG org.springframework.test.context.support.ActiveProfilesUtils - Could not find an 'annotation declaring class' for annotation type [org.springframework.test.context.ActiveProfiles] and class [com.example.springbootwebproject.SpringBootWebProjectApplicationTests]
08:52:00.160 [main] DEBUG org.springframework.context.annotation.ClassPathScanningCandidateComponentProvider - Identified candidate component class: file [C:\Users\DimeFajkingBoien\Desktop\Springbootweb\spring-boot-web-project\target\classes\com\example\springbootwebproject\SpringBootWebProjectApplication.class]
08:52:00.161 [main] INFO org.springframework.boot.test.context.SpringBootTestContextBootstrapper - Found @SpringBootConfiguration com.example.springbootwebproject.SpringBootWebProjectApplication for test class com.example.springbootwebproject.SpringBootWebProjectApplicationTests
08:52:00.224 [main] DEBUG org.springframework.boot.test.context.SpringBootTestContextBootstrapper - @TestExecutionListeners is not present for class [com.example.springbootwebproject.SpringBootWebProjectApplicationTests]: using defaults.
08:52:00.224 [main] INFO org.springframework.boot.test.context.SpringBootTestContextBootstrapper - Loaded default TestExecutionListener class names from location [META-INF/spring.factories]: [org.springframework.boot.test.mock.mockito.MockitoTestExecutionListener, org.springframework.boot.test.mock.mockito.ResetMocksTestExecutionListener, org.springframework.boot.test.autoconfigure.restdocs.RestDocsTestExecutionListener, org.springframework.boot.test.autoconfigure.web.client.MockRestServiceServerResetTestExecutionListener, org.springframework.boot.test.autoconfigure.web.servlet.MockMvcPrintOnlyOnFailureTestExecutionListener, org.springframework.boot.test.autoconfigure.web.servlet.WebDriverTestExecutionListener, org.springframework.boot.test.autoconfigure.webservices.client.MockWebServiceServerTestExecutionListener, org.springframework.test.context.web.ServletTestExecutionListener, org.springframework.test.context.support.DirtiesContextBeforeModesTestExecutionListener, org.springframework.test.context.event.ApplicationEventsTestExecutionListener, org.springframework.test.context.support.DependencyInjectionTestExecutionListener, org.springframework.test.context.support.DirtiesContextTestExecutionListener, org.springframework.test.context.transaction.TransactionalTestExecutionListener, org.springframework.test.context.jdbc.SqlScriptsTestExecutionListener, org.springframework.test.context.event.EventPublishingTestExecutionListener]
08:52:00.236 [main] INFO org.springframework.boot.test.context.SpringBootTestContextBootstrapper - Using TestExecutionListeners: [org.springframework.test.context.web.ServletTestExecutionListener@34a875b3, org.springframework.test.context.support.DirtiesContextBeforeModesTestExecutionListener@4748a0f9, org.springframework.test.context.event.ApplicationEventsTestExecutionListener@4b14918a, org.springframework.boot.test.mock.mockito.MockitoTestExecutionListener@6d1ef78d, org.springframework.boot.test.autoconfigure.SpringBootDependencyInjectionTestExecutionListener@1a6c1270, org.springframework.test.context.support.DirtiesContextTestExecutionListener@18a136ac, org.springframework.test.context.transaction.TransactionalTestExecutionListener@77d67cf3, org.springframework.test.context.jdbc.SqlScriptsTestExecutionListener@6dee4f1b, org.springframework.test.context.event.EventPublishingTestExecutionListener@176b3f44, org.springframework.boot.test.mock.mockito.ResetMocksTestExecutionListener@6ee6f53, org.springframework.boot.test.autoconfigure.restdocs.RestDocsTestExecutionListener@421bba99, org.springframework.boot.test.autoconfigure.web.client.MockRestServiceServerResetTestExecutionListener@5d12a356, org.springframework.boot.test.autoconfigure.web.servlet.MockMvcPrintOnlyOnFailureTestExecutionListener@134d26af, org.springframework.boot.test.autoconfigure.web.servlet.WebDriverTestExecutionListener@66ac5762, org.springframework.boot.test.autoconfigure.webservices.client.MockWebServiceServerTestExecutionListener@797cf65c]
08:52:00.238 [main] DEBUG org.springframework.test.context.support.AbstractDirtiesContextTestExecutionListener - Before test class: context [DefaultTestContext@77258e59 testClass = SpringBootWebProjectApplicationTests, testInstance = [null], testMethod = [null], testException = [null], mergedContextConfiguration = [WebMergedContextConfiguration@5dcd8c7a testClass = SpringBootWebProjectApplicationTests, locations = '{}', classes = '{class com.example.springbootwebproject.SpringBootWebProjectApplication}', contextInitializerClasses = '[]', activeProfiles = '{}', propertySourceLocations = '{}', propertySourceProperties = '{org.springframework.boot.test.context.SpringBootTestContextBootstrapper=true}', contextCustomizers = set[org.springframework.boot.test.context.filter.ExcludeFilterContextCustomizer@196a42c3, org.springframework.boot.test.json.DuplicateJsonObjectContextCustomizerFactory$DuplicateJsonObjectContextCustomizer@4b29d1d2, org.springframework.boot.test.mock.mockito.MockitoContextCustomizer@0, org.springframework.boot.test.web.client.TestRestTemplateContextCustomizer@33bc72d1, org.springframework.boot.test.autoconfigure.actuate.metrics.MetricsExportContextCustomizerFactory$DisableMetricExportContextCustomizer@710c2b53, org.springframework.boot.test.autoconfigure.properties.PropertyMappingContextCustomizer@0, org.springframework.boot.test.autoconfigure.web.servlet.WebDriverContextCustomizerFactory$Customizer@4082ba93, org.springframework.boot.test.context.SpringBootTestArgs@1, org.springframework.boot.test.context.SpringBootTestWebEnvironment@5606c0b], resourceBasePath = 'src/main/webapp', contextLoader = 'org.springframework.boot.test.context.SpringBootContextLoader', parent = [null]], attributes = map['org.springframework.test.context.web.ServletTestExecutionListener.activateListener' -> true]], class annotated with @DirtiesContext [false] with mode [null].
2025-04-21 08:52:00.494  INFO 22608 --- [           main] e.s.SpringBootWebProjectApplicationTests : Starting SpringBootWebProjectApplicationTests using Java 23.0.1 on DESKTOP-EKU36OP with PID 22608 (started by DimeFajkingBoien in C:\Users\DimeFajkingBoien\Desktop\Springbootweb\spring-boot-web-project)
2025-04-21 08:52:00.498  INFO 22608 --- [           main] e.s.SpringBootWebProjectApplicationTests : No active profile set, falling back to 1 default profile: "default"
2025-04-21 08:52:00.976  INFO 22608 --- [           main] .s.d.r.c.RepositoryConfigurationDelegate : Bootstrapping Spring Data JPA repositories in DEFAULT mode.
2025-04-21 08:52:01.020  INFO 22608 --- [           main] .s.d.r.c.RepositoryConfigurationDelegate : Finished Spring Data repository scanning in 36 ms. Found 2 JPA repository interfaces.
2025-04-21 08:52:01.442  INFO 22608 --- [           main] o.hibernate.jpa.internal.util.LogHelper  : HHH000204: Processing PersistenceUnitInfo [name: default]
2025-04-21 08:52:01.485  INFO 22608 --- [           main] org.hibernate.Version                    : HHH000412: Hibernate ORM core version 5.6.12.Final
2025-04-21 08:52:01.609  INFO 22608 --- [           main] o.hibernate.annotations.common.Version   : HCANN000001: Hibernate Commons Annotations {5.1.2.Final}
2025-04-21 08:52:01.722  INFO 22608 --- [           main] com.zaxxer.hikari.HikariDataSource       : HikariPool-1 - Starting...
2025-04-21 08:52:01.898  INFO 22608 --- [           main] com.zaxxer.hikari.HikariDataSource       : HikariPool-1 - Start completed.
2025-04-21 08:52:01.913  INFO 22608 --- [           main] org.hibernate.dialect.Dialect            : HHH000400: Using dialect: org.hibernate.dialect.H2Dialect
2025-04-21 08:52:02.331  INFO 22608 --- [           main] o.h.e.t.j.p.i.JtaPlatformInitiator       : HHH000490: Using JtaPlatform implementation: [org.hibernate.engine.transaction.jta.platform.internal.NoJtaPlatform]
2025-04-21 08:52:02.338  INFO 22608 --- [           main] j.LocalContainerEntityManagerFactoryBean : Initialized JPA EntityManagerFactory for persistence unit 'default'
2025-04-21 08:52:02.738  WARN 22608 --- [           main] JpaBaseConfiguration$JpaWebConfiguration : spring.jpa.open-in-view is enabled by default. Therefore, database queries may be performed during view rendering. Explicitly configure spring.jpa.open-in-view to disable this warning
2025-04-21 08:52:02.942  INFO 22608 --- [           main] o.s.b.a.h2.H2ConsoleAutoConfiguration    : H2 console available at '/h2-console'. Database available at 'jdbc:h2:mem:testdb'
2025-04-21 08:52:02.951  INFO 22608 --- [           main] o.s.b.a.w.s.WelcomePageHandlerMapping    : Adding welcome page template: index
2025-04-21 08:52:03.199  INFO 22608 --- [           main] e.s.SpringBootWebProjectApplicationTests : Started SpringBootWebProjectApplicationTests in 2.928 seconds (JVM running for 3.641)
]]></system-out>
  </testcase>
</testsuite>